<?xml version="1.0" encoding="UTF-8"?>
<!-- Generated by org.testng.reporters.JUnitXMLReporter -->
<testsuite ignored="0" hostname="workzone" failures="0" tests="3" name="fbhome_restart browser" time="40.54" errors="0" timestamp="2023-08-19T11:20:59 PDT">
  <testcase classname="batch7TestNG.TestNGproject1.Aug19dataprovider" name="f" time="9.258"/>
  <testcase classname="batch7TestNG.TestNGproject1.Aug19dataprovider" name="f" time="9.206"/>
  <testcase classname="batch7TestNG.TestNGproject1.Aug19dataprovider" name="f" time="9.198"/>
</testsuite> <!-- fbhome_restart browser -->
